<?xml version="1.0" encoding="UTF-8"?>
<!-- Generated by org.testng.reporters.JUnitReportReporter -->
<testsuite hostname="LTIN197029" failures="0" tests="1" name="Testng.TestNg" time="0.021" errors="0" timestamp="2022-02-21T16:26:25 IST" skipped="0">
  <testcase classname="Testng.TestNg" name="demo" time="0.021"/>
  <system-out/>
</testsuite> <!-- Testng.TestNg -->
